# JRE version: Java(TM) SE Runtime Environment (8.0_251-b08) (build 1.8.0_251-b08)
# Java VM: Java HotSpot(TM) 64-Bit Server VM (25.251-b08 mixed mode windows-amd64 compressed oops)
Heap:
 PSYoungGen      total 141312K, used 2278K [0x00000000eb200000, 0x00000000f4f00000, 0x0000000100000000)
  eden space 125952K, 0% used [0x00000000eb200000,0x00000000eb200000,0x00000000f2d00000)
  from space 15360K, 14% used [0x00000000f2d00000,0x00000000f2f398d0,0x00000000f3c00000)
  to   space 11264K, 0% used [0x00000000f3c00000,0x00000000f3c00000,0x00000000f4700000)
 ParOldGen       total 44032K, used 20255K [0x00000000c1600000, 0x00000000c4100000, 0x00000000eb200000)
  object space 44032K, 46% used [0x00000000c1600000,0x00000000c29c7c90,0x00000000c4100000)
 Metaspace       used 21860K, capacity 22432K, committed 22576K, reserved 1069056K
  class space    used 2663K, capacity 2853K, committed 2944K, reserved 1048576K
GC Heap History (10 events):
Event: 4.202 GC heap before
{Heap before GC invocations=5 (full 0):
 PSYoungGen      total 35328K, used 35296K [0x00000000eb200000, 0x00000000ed700000, 0x0000000100000000)
  eden space 32768K, 100% used [0x00000000eb200000,0x00000000ed200000,0x00000000ed200000)
  from space 2560K, 98% used [0x00000000ed480000,0x00000000ed6f8020,0x00000000ed700000)
  to   space 2560K, 0% used [0x00000000ed200000,0x00000000ed200000,0x00000000ed480000)
 ParOldGen       total 44032K, used 5566K [0x00000000c1600000, 0x00000000c4100000, 0x00000000eb200000)
  object space 44032K, 12% used [0x00000000c1600000,0x00000000c1b6fba8,0x00000000c4100000)
 Metaspace       used 14637K, capacity 14818K, committed 14976K, reserved 1062912K
  class space    used 1792K, capacity 1875K, committed 1920K, reserved 1048576K
Event: 4.223 GC heap after
Heap after GC invocations=5 (full 0):
 PSYoungGen      total 35328K, used 2528K [0x00000000eb200000, 0x00000000f0200000, 0x0000000100000000)
  eden space 32768K, 0% used [0x00000000eb200000,0x00000000eb200000,0x00000000ed200000)
  from space 2560K, 98% used [0x00000000ed200000,0x00000000ed478020,0x00000000ed480000)
  to   space 8192K, 0% used [0x00000000efa00000,0x00000000efa00000,0x00000000f0200000)
 ParOldGen       total 44032K, used 10837K [0x00000000c1600000, 0x00000000c4100000, 0x00000000eb200000)
  object space 44032K, 24% used [0x00000000c1600000,0x00000000c2095670,0x00000000c4100000)
 Metaspace       used 14637K, capacity 14818K, committed 14976K, reserved 1062912K
  class space    used 1792K, capacity 1875K, committed 1920K, reserved 1048576K
}
Event: 5.131 GC heap before
{Heap before GC invocations=6 (full 0):
 PSYoungGen      total 35328K, used 35296K [0x00000000eb200000, 0x00000000f0200000, 0x0000000100000000)
  eden space 32768K, 100% used [0x00000000eb200000,0x00000000ed200000,0x00000000ed200000)
  from space 2560K, 98% used [0x00000000ed200000,0x00000000ed478020,0x00000000ed480000)
  to   space 8192K, 0% used [0x00000000efa00000,0x00000000efa00000,0x00000000f0200000)
 ParOldGen       total 44032K, used 10837K [0x00000000c1600000, 0x00000000c4100000, 0x00000000eb200000)
  object space 44032K, 24% used [0x00000000c1600000,0x00000000c2095670,0x00000000c4100000)
 Metaspace       used 15100K, capacity 15334K, committed 15488K, reserved 1062912K
  class space    used 1824K, capacity 1913K, committed 1920K, reserved 1048576K
Event: 5.148 GC heap after
Heap after GC invocations=6 (full 0):
 PSYoungGen      total 73216K, used 6295K [0x00000000eb200000, 0x00000000f0300000, 0x0000000100000000)
  eden space 65024K, 0% used [0x00000000eb200000,0x00000000eb200000,0x00000000ef180000)
  from space 8192K, 76% used [0x00000000efa00000,0x00000000f0025ee8,0x00000000f0200000)
  to   space 8704K, 0% used [0x00000000ef180000,0x00000000ef180000,0x00000000efa00000)
 ParOldGen       total 44032K, used 10845K [0x00000000c1600000, 0x00000000c4100000, 0x00000000eb200000)
  object space 44032K, 24% used [0x00000000c1600000,0x00000000c2097670,0x00000000c4100000)
 Metaspace       used 15100K, capacity 15334K, committed 15488K, reserved 1062912K
  class space    used 1824K, capacity 1913K, committed 1920K, reserved 1048576K
}
Event: 8.013 GC heap before
{Heap before GC invocations=7 (full 0):
 PSYoungGen      total 73216K, used 71319K [0x00000000eb200000, 0x00000000f0300000, 0x0000000100000000)
  eden space 65024K, 100% used [0x00000000eb200000,0x00000000ef180000,0x00000000ef180000)
  from space 8192K, 76% used [0x00000000efa00000,0x00000000f0025ee8,0x00000000f0200000)
  to   space 8704K, 0% used [0x00000000ef180000,0x00000000ef180000,0x00000000efa00000)
 ParOldGen       total 44032K, used 10845K [0x00000000c1600000, 0x00000000c4100000, 0x00000000eb200000)
  object space 44032K, 24% used [0x00000000c1600000,0x00000000c2097670,0x00000000c4100000)
 Metaspace       used 20048K, capacity 20540K, committed 20864K, reserved 1067008K
  class space    used 2454K, capacity 2586K, committed 2688K, reserved 1048576K
Event: 8.052 GC heap after
Heap after GC invocations=7 (full 0):
 PSYoungGen      total 73728K, used 8688K [0x00000000eb200000, 0x00000000f4700000, 0x0000000100000000)
  eden space 65024K, 0% used [0x00000000eb200000,0x00000000eb200000,0x00000000ef180000)
  from space 8704K, 99% used [0x00000000ef180000,0x00000000ef9fc030,0x00000000efa00000)
  to   space 11264K, 0% used [0x00000000f3c00000,0x00000000f3c00000,0x00000000f4700000)
 ParOldGen       total 44032K, used 13085K [0x00000000c1600000, 0x00000000c4100000, 0x00000000eb200000)
  object space 44032K, 29% used [0x00000000c1600000,0x00000000c22c75b8,0x00000000c4100000)
 Metaspace       used 20048K, capacity 20540K, committed 20864K, reserved 1067008K
  class space    used 2454K, capacity 2586K, committed 2688K, reserved 1048576K
}
Event: 8.677 GC heap before
{Heap before GC invocations=8 (full 0):
 PSYoungGen      total 73728K, used 27247K [0x00000000eb200000, 0x00000000f4700000, 0x0000000100000000)
  eden space 65024K, 28% used [0x00000000eb200000,0x00000000ec41ff50,0x00000000ef180000)
  from space 8704K, 99% used [0x00000000ef180000,0x00000000ef9fc030,0x00000000efa00000)
  to   space 11264K, 0% used [0x00000000f3c00000,0x00000000f3c00000,0x00000000f4700000)
 ParOldGen       total 44032K, used 13085K [0x00000000c1600000, 0x00000000c4100000, 0x00000000eb200000)
  object space 44032K, 29% used [0x00000000c1600000,0x00000000c22c75b8,0x00000000c4100000)
 Metaspace       used 20694K, capacity 21198K, committed 21296K, reserved 1069056K
  class space    used 2513K, capacity 2652K, committed 2688K, reserved 1048576K
Event: 8.705 GC heap after
Heap after GC invocations=8 (full 0):
 PSYoungGen      total 137216K, used 11242K [0x00000000eb200000, 0x00000000f4f00000, 0x0000000100000000)
  eden space 125952K, 0% used [0x00000000eb200000,0x00000000eb200000,0x00000000f2d00000)
  from space 11264K, 99% used [0x00000000f3c00000,0x00000000f46fa8f0,0x00000000f4700000)
  to   space 15360K, 0% used [0x00000000f2d00000,0x00000000f2d00000,0x00000000f3c00000)
 ParOldGen       total 44032K, used 18254K [0x00000000c1600000, 0x00000000c4100000, 0x00000000eb200000)
  object space 44032K, 41% used [0x00000000c1600000,0x00000000c27d38c0,0x00000000c4100000)
 Metaspace       used 20694K, capacity 21198K, committed 21296K, reserved 1069056K
  class space    used 2513K, capacity 2652K, committed 2688K, reserved 1048576K
}
Event: 8.705 GC heap before
{Heap before GC invocations=9 (full 1):
 PSYoungGen      total 137216K, used 11242K [0x00000000eb200000, 0x00000000f4f00000, 0x0000000100000000)
  eden space 125952K, 0% used [0x00000000eb200000,0x00000000eb200000,0x00000000f2d00000)
  from space 11264K, 99% used [0x00000000f3c00000,0x00000000f46fa8f0,0x00000000f4700000)
  to   space 15360K, 0% used [0x00000000f2d00000,0x00000000f2d00000,0x00000000f3c00000)
 ParOldGen       total 44032K, used 18254K [0x00000000c1600000, 0x00000000c4100000, 0x00000000eb200000)
  object space 44032K, 41% used [0x00000000c1600000,0x00000000c27d38c0,0x00000000c4100000)
 Metaspace       used 20694K, capacity 21198K, committed 21296K, reserved 1069056K
  class space    used 2513K, capacity 2652K, committed 2688K, reserved 1048576K
Event: 8.840 GC heap after
Heap after GC invocations=9 (full 1):
 PSYoungGen      total 137216K, used 0K [0x00000000eb200000, 0x00000000f4f00000, 0x0000000100000000)
  eden space 125952K, 0% used [0x00000000eb200000,0x00000000eb200000,0x00000000f2d00000)
  from space 11264K, 0% used [0x00000000f3c00000,0x00000000f3c00000,0x00000000f4700000)
  to   space 15360K, 0% used [0x00000000f2d00000,0x00000000f2d00000,0x00000000f3c00000)
 ParOldGen       total 44032K, used 20247K [0x00000000c1600000, 0x00000000c4100000, 0x00000000eb200000)
  object space 44032K, 45% used [0x00000000c1600000,0x00000000c29c5c90,0x00000000c4100000)
 Metaspace       used 20694K, capacity 21198K, committed 21296K, reserved 1069056K
  class space    used 2513K, capacity 2652K, committed 2688K, reserved 1048576K
}

