<?xml version="1.0" encoding="UTF-8"?>
<testng-results skipped="0" failed="0" ignored="0" total="0" passed="0">
  <reporter-output>
  </reporter-output>
  <suite name="Demo.DemoTest" duration-ms="7" started-at="2021-04-08T12:58:30Z" finished-at="2021-04-08T12:58:30Z">
    <groups>
    </groups>
    <test name="Command line test" duration-ms="7" started-at="2021-04-08T12:58:30Z" finished-at="2021-04-08T12:58:30Z">
    </test> <!-- Command line test -->
  </suite> <!-- Demo.DemoTest -->
</testng-results>
